This is XeTeX, Version 3.1415926-2.2-0.9995.2 (TeX Live 2009/Debian) (format=xelatex 2013.3.28)  8 JAN 2017 22:02
entering extended mode
 %&-line parsing enabled.
**main.tex
(./main.tex
LaTeX2e <2009/09/24>
Babel <v3.8l> and hyphenation patterns for english, usenglishmax, dumylang, noh
yphenation, farsi, arabic, croatian, bulgarian, ukrainian, russian, czech, slov
ak, danish, dutch, finnish, french, basque, ngerman, german, german-x-2009-06-1
9, ngerman-x-2009-06-19, ibycus, monogreek, greek, ancientgreek, hungarian, san
skrit, italian, latin, latvian, lithuanian, mongolian2a, mongolian, bokmal, nyn
orsk, romanian, irish, coptic, serbian, turkish, welsh, esperanto, uppersorbian
, estonian, indonesian, interlingua, icelandic, kurmanji, slovenian, polish, po
rtuguese, spanish, galician, catalan, swedish, ukenglish, pinyin, loaded.
(./sigplanconf.cls
Document Class: sigplanconf 2013/07/02 v2.8 ACM SIGPLAN Proceedings
\@numheaddepth=\count80
(/usr/share/texmf-texlive/tex/latex/base/article.cls
Document Class: article 2007/10/19 v1.4h Standard LaTeX document class
(/usr/share/texmf-texlive/tex/latex/base/size10.clo
File: size10.clo 2007/10/19 v1.4h Standard LaTeX file (size option)
)
\c@part=\count81
\c@section=\count82
\c@subsection=\count83
\c@subsubsection=\count84
\c@paragraph=\count85
\c@subparagraph=\count86
\c@figure=\count87
\c@table=\count88
\abovecaptionskip=\skip41
\belowcaptionskip=\skip42
\bibindent=\dimen102
)
\standardtextwidth=\dimen103
\standardvspace=\skip43

Using natbib package with 'numbers' citation style.
(/usr/share/texmf-texlive/tex/latex/natbib/natbib.sty
Package: natbib 2009/07/16 8.31 (PWD, AO)
\bibhang=\skip44
\bibsep=\skip45
LaTeX Info: Redefining \cite on input line 694.
\c@NAT@ctr=\count89
)
\@sectionaboveskip=\skip46
\@sectionbelowskip=\skip47
\@subsectionaboveskip=\skip48
\@subsectionbelowskip=\skip49
\@paragraphaboveskip=\skip50
\@authorcount=\count90
\@titlenotecount=\count91
\@titlenotetext=\toks14
\@fnmark=\toks15
\@authori=\count92
\@measbox=\box26
)
(/usr/share/texmf-texlive/tex/latex/psnfss/times.sty
Package: times 2005/04/12 PSNFSS-v9.2a (SPQR) 
)
(/usr/share/texmf-texlive/tex/latex/graphics/graphicx.sty
Package: graphicx 1999/02/16 v1.0f Enhanced LaTeX Graphics (DPC,SPQR)

(/usr/share/texmf-texlive/tex/latex/graphics/keyval.sty
Package: keyval 1999/03/16 v1.13 key=value parser (DPC)
\KV@toks@=\toks16
)
(/usr/share/texmf-texlive/tex/latex/graphics/graphics.sty
Package: graphics 2009/02/05 v1.0o Standard LaTeX Graphics (DPC,SPQR)

(/usr/share/texmf-texlive/tex/latex/graphics/trig.sty
Package: trig 1999/03/16 v1.09 sin cos tan (DPC)
)
(/etc/texmf/tex/latex/config/graphics.cfg
File: graphics.cfg 2009/08/28 v1.8 graphics configuration of TeX Live
)
Package graphics Info: Driver file: xetex.def on input line 91.

(/usr/share/texmf-texlive/tex/xelatex/xetex-def/xetex.def
File: xetex.def 2009/11/22 v0.94 LaTeX color/graphics driver for XeTeX (RRM/JK)

))
\Gin@req@height=\dimen104
\Gin@req@width=\dimen105
)
(/usr/share/texmf-texlive/tex/latex/tools/tabularx.sty
Package: tabularx 1999/01/07 v2.07 `tabularx' package (DPC)

(/usr/share/texmf-texlive/tex/latex/tools/array.sty
Package: array 2008/09/09 v2.4c Tabular extension package (FMi)
\col@sep=\dimen106
\extrarowheight=\dimen107
\NC@list=\toks17
\extratabsurround=\skip51
\backup@length=\skip52
)
\TX@col@width=\dimen108
\TX@old@table=\dimen109
\TX@old@col=\dimen110
\TX@target=\dimen111
\TX@delta=\dimen112
\TX@cols=\count93
\TX@ftn=\toks18
)
(/usr/share/texmf-texlive/tex/latex/subfigure/subfigure.sty
Package: subfigure 2002/03/15 v2.1.5 subfigure package
\subfigtopskip=\skip53
\subfigcapskip=\skip54
\subfigcaptopadj=\dimen113
\subfigbottomskip=\skip55
\subfigcapmargin=\dimen114
\subfiglabelskip=\skip56
\c@subfigure=\count94
\c@lofdepth=\count95
\c@subtable=\count96
\c@lotdepth=\count97

****************************************
* Local config file subfigure.cfg used *
****************************************
(/usr/share/texmf-texlive/tex/latex/subfigure/subfigure.cfg)
\subfig@top=\skip57
\subfig@bottom=\skip58
)
(/usr/share/texmf-texlive/tex/latex/graphics/color.sty
Package: color 2005/11/14 v1.0j Standard LaTeX Color (DPC)

(/etc/texmf/tex/latex/config/color.cfg
File: color.cfg 2007/01/18 v1.5 color configuration of teTeX/TeXLive
)
Package color Info: Driver file: xetex.def on input line 130.
)
(/usr/share/texmf/tex/latex/xcolor/xcolor.sty
Package: xcolor 2007/01/21 v2.11 LaTeX color extensions (UK)

(/etc/texmf/tex/latex/config/color.cfg
File: color.cfg 2007/01/18 v1.5 color configuration of teTeX/TeXLive
)
Package xcolor Info: Driver file: xetex.def on input line 225.
LaTeX Info: Redefining \color on input line 702.
Package xcolor Info: Model `cmy' substituted by `cmy0' on input line 1337.
Package xcolor Info: Model `RGB' extended on input line 1353.
Package xcolor Info: Model `HTML' substituted by `rgb' on input line 1355.
Package xcolor Info: Model `Hsb' substituted by `hsb' on input line 1356.
Package xcolor Info: Model `tHsb' substituted by `hsb' on input line 1357.
Package xcolor Info: Model `HSB' substituted by `hsb' on input line 1358.
Package xcolor Info: Model `Gray' substituted by `gray' on input line 1359.
Package xcolor Info: Model `wave' substituted by `hsb' on input line 1360.
)
(/usr/share/texmf-texlive/tex/latex/multirow/multirow.sty
\bigstrutjot=\dimen115
)
(/usr/share/texmf-texlive/tex/latex/ltxmisc/url.sty
\Urlmuskip=\muskip10
Package: url 2006/04/12  ver 3.3  Verb mode for urls, etc.
)
(/usr/share/texmf-texlive/tex/latex/tools/xspace.sty
Package: xspace 2006/05/08 v1.12 Space after command names (DPC,MH)
) (./main.aux)
\openout1 = `main.aux'.

LaTeX Font Info:    Checking defaults for OML/cmm/m/it on input line 101.
LaTeX Font Info:    ... okay on input line 101.
LaTeX Font Info:    Checking defaults for T1/cmr/m/n on input line 101.
LaTeX Font Info:    ... okay on input line 101.
LaTeX Font Info:    Checking defaults for OT1/cmr/m/n on input line 101.
LaTeX Font Info:    ... okay on input line 101.
LaTeX Font Info:    Checking defaults for OMS/cmsy/m/n on input line 101.
LaTeX Font Info:    ... okay on input line 101.
LaTeX Font Info:    Checking defaults for OMX/cmex/m/n on input line 101.
LaTeX Font Info:    ... okay on input line 101.
LaTeX Font Info:    Checking defaults for U/cmr/m/n on input line 101.
LaTeX Font Info:    ... okay on input line 101.
LaTeX Font Info:    Try loading font information for OT1+ptm on input line 101.


(/usr/share/texmf-texlive/tex/latex/psnfss/ot1ptm.fd
File: ot1ptm.fd 2001/06/04 font definitions for OT1/ptm.
)
LaTeX Font Info:    Font shape `OT1/ptm/bx/n' in size <17.28> not available
(Font)              Font shape `OT1/ptm/b/n' tried instead on input line 103.
LaTeX Font Info:    Try loading font information for OT1+phv on input line 103.


(/usr/share/texmf-texlive/tex/latex/psnfss/ot1phv.fd
File: ot1phv.fd 2001/06/04 scalable font definitions for OT1/phv.
) (./abs.tex
LaTeX Font Info:    Font shape `OT1/ptm/bx/n' in size <12> not available
(Font)              Font shape `OT1/ptm/b/n' tried instead on input line 1.
LaTeX Font Info:    Font shape `OT1/ptm/bx/n' in size <10> not available
(Font)              Font shape `OT1/ptm/b/n' tried instead on input line 18.
LaTeX Font Info:    Font shape `OT1/ptm/bx/it' in size <10> not available
(Font)              Font shape `OT1/ptm/b/it' tried instead on input line 18.
) (./intro.tex
File: eps/phoenix_speedup.eps Graphic file (type eps)

<eps/phoenix_speedup.eps>
Missing character: There is no × in font ptmr7t!
 [1


]
LaTeX Font Info:    Try loading font information for OMS+ptm on input line 108.


(/usr/share/texmf-texlive/tex/latex/psnfss/omsptm.fd
File: omsptm.fd 
)
LaTeX Font Info:    Font shape `OMS/ptm/m/n' in size <9> not available
(Font)              Font shape `OMS/cmsy/m/n' tried instead on input line 108.
) (./back.tex
LaTeX Font Info:    External font `cmex10' loaded for size
(Font)              <7> on input line 19.
LaTeX Font Info:    External font `cmex10' loaded for size
(Font)              <5> on input line 19.

Underfull \hbox (badness 1038) in paragraph at lines 24--32
\OT1/ptm/m/n/10 Pthreads[[]]; Phoenix stores the in-ter-me-di-ate key-value
 []

File: eps/phoenix_intermediate.eps Graphic file (type eps)
<eps/phoenix_intermediate.eps> [2]
File: eps/phoenix_speedup_jemalloc.eps Graphic file (type eps)
 <eps/phoenix_speedup_jemalloc.eps>
File: eps/phoenix_spinlock_jemalloc.eps Graphic file (type eps)

<eps/phoenix_spinlock_jemalloc.eps>
Underfull \hbox (badness 1810) in paragraph at lines 85--85
\OT1/ptm/b/n/10 Figure 4. [][]\OT1/phv/m/n/10 ticket[]spin[]lock \OT1/ptm/m/n/1
0 per-cent of ap-pli-ca-tions in
 []

[3]
Missing character: There is no ’ in font ptmr7t!
) (./design.tex
Underfull \vbox (badness 4660) has occurred while \output is active []


(./chanapi.tex
Underfull \hbox (badness 10000) in alignment at lines 48--48
[][] 
 []


Overfull \hbox (6.96277pt too wide) in paragraph at lines 48--50
[][]
 []


Underfull \hbox (badness 10000) in paragraph at lines 48--50

 []

)
Overfull \hbox (5.29083pt too wide) in paragraph at lines 198--205
\OT1/ptm/m/n/10 vok-ing \OT1/phv/m/n/9 chan[]alloc\OT1/ptm/m/n/10 . Af-ter that
, the mas-ter in-vokes \OT1/phv/m/n/9 chan[]setprod
 []

[4]
Overfull \hbox (3.1879pt too wide) in paragraph at lines 206--209
\OT1/ptm/m/n/10 tention, it also takes ex-tra over-head in com-par-i-son to Pho
neix.
 []

File: eps/chan_extend.eps Graphic file (type eps)
<eps/chan_extend.eps>
Underfull \hbox (badness 1226) in paragraph at lines 255--264
[]\OT1/ptm/m/n/10 In gen-eral producer-consumer model, if the chan-nel
 []


Overfull \hbox (4.6577pt too wide) in paragraph at lines 298--303
[]\OT1/ptm/m/n/10 In con-clu-sion, we de-sign a scal-able thread model (\OT1/pt
m/b/it/10 Sthread\OT1/ptm/m/n/10 )
 []

) (./runtime.tex
File: eps/dmr_workflow.eps Graphic file (type eps)
 <eps/dmr_workflow.eps> [5]
Underfull \hbox (badness 1077) in paragraph at lines 162--168
[]\OT1/ptm/m/n/10 We think a good producer-consumer model need to
 []

File: eps/dmr_channel.eps Graphic file (type eps)
<eps/dmr_channel.eps>
File: eps/dmr_hash_buffer.eps Graphic file (type eps)
 <eps/dmr_hash_buffer.eps>
Overfull \hbox (12.0pt too wide) in paragraph at lines 274--275
 [][] 
 []

[6]) (./eval.tex
Missing character: There is no × in font ptmr7t!
Missing character: There is no ’ in font ptmr7t!
Missing character: There is no “ in font ptmr7t!
Missing character: There is no ” in font ptmr7t!
Missing character: There is no “ in font ptmr7t!
Missing character: There is no ” in font ptmr7t!

Underfull \vbox (badness 1226) has occurred while \output is active []



LaTeX Warning: Reference `' on page 7 undefined on input line 26.


Overfull \hbox (2.73628pt too wide) in paragraph at lines 25--27
\OT1/ptm/m/n/10 in-clud-ing his-togram (\OT1/phv/m/n/9 hist\OT1/ptm/m/n/10 ), l
in-ear[]regression (\OT1/phv/m/n/9 lr\OT1/ptm/m/n/10 ), string[]match
 []

File: eps/dmr_time_array.eps Graphic file (type eps)
<eps/dmr_time_array.eps>
File: eps/dmr_time_jemalloc.eps Graphic file (type eps)
 <eps/dmr_time_jemalloc.eps> [7]
Overfull \hbox (13.81764pt too wide) in paragraph at lines 205--223
\OT1/ptm/m/n/10 cent of [][]ticket[]spin[]lock. Fig-ure 12[] re-ports of [][]ti
cket[]spin[]lock
 []

File: eps/dmr_spinlock.eps Graphic file (type eps)
<eps/dmr_spinlock.eps>
File: eps/dmr_speedup.eps Graphic file (type eps)
 <eps/dmr_speedup.eps>
File: eps/smr_diff_buffer.eps Graphic file (type eps)
 <eps/smr_diff_buffer.eps> [8]
File: eps/env_init.eps Graphic file (type eps)

<eps/env_init.eps>
Overfull \hbox (12.0pt too wide) in paragraph at lines 346--347
 [][] 
 []

File: eps/dmr_hist_init.eps Graphic file (type eps)
<eps/dmr_hist_init.eps>
File: eps/dmr_lr_init.eps Graphic file (type eps)
 <eps/dmr_lr_init.eps>) (./related.tex [9]
Missing character: There is no “ in font ptmr7t!
Missing character: There is no ” in font ptmr7t!
) (./concl.tex)
Overfull \hbox (7.48839pt too wide) in paragraph at lines 6--114
\OT1/ptm/m/n/10 Then we pro-vide a novel thread pro-gram-ming model (\OT1/ptm/b
/it/10 Sthread\OT1/ptm/m/n/10 )
 []


Overfull \hbox (10.21765pt too wide) in paragraph at lines 6--114
\OT1/ptm/m/n/10 sys-tem. We sig-nif-i-cantly im-proved the scal-a-bil-ity over 
Phoenix,
 []

(./main.bbl
LaTeX Font Info:    Try loading font information for OT1+pcr on input line 20.
 (/usr/share/texmf-texlive/tex/latex/psnfss/ot1pcr.fd
File: ot1pcr.fd 2001/06/04 font definitions for OT1/pcr.
)
LaTeX Font Info:    External font `cmex10' loaded for size
(Font)              <9> on input line 20.

Underfull \vbox (badness 1895) has occurred while \output is active []


Underfull \hbox (badness 2277) in paragraph at lines 24--28
[]\OT1/ptm/m/n/9 S. Boyd-Wickizer, H. Chen, R. Chen, Y. Mao, M. F.
 []


Underfull \hbox (badness 6510) in paragraph at lines 87--92
[]\OT1/ptm/m/n/9 W. Gloger.  Dy-namic mem-ory al-lo-ca-tor im-ple-men-
 []


Underfull \hbox (badness 4366) in paragraph at lines 87--92
\OT1/ptm/m/n/9 ta-tions in linux sys-tem li-braries, May 2006.  URL
 []


Underfull \hbox (badness 10000) in paragraph at lines 87--92
\OT1/pcr/m/n/9 http : / / www . malloc . de / en / index . html$\OT1/ptm/m/n/9 
.
 []

[10]) [11

] (./main.aux)

LaTeX Warning: There were undefined references.

 ) 
Here is how much of TeX's memory you used:
 2254 strings out of 494665
 28106 string characters out of 1166477
 90288 words of memory out of 3000000
 5431 multiletter control sequences out of 15000+50000
 15086 words of font info for 40 fonts, out of 3000000 for 9000
 669 hyphenation exceptions out of 8191
 30i,10n,35p,400b,358s stack positions out of 5000i,500n,10000p,200000b,50000s

Output written on main.pdf (11 pages).
