\BOOKMARK [1][]{section.1}{1 研究背景和动机}{}
\BOOKMARK [2][]{subsection.1.1}{1.1 多核的普及与挑战}{section.1}
\BOOKMARK [2][]{subsection.1.2}{1.2 Phoenix}{section.1}
\BOOKMARK [1][]{section.2}{2 Phoenix的详细分析}{}
\BOOKMARK [2][]{subsection.2.1}{2.1 Phoenix的内部实现}{section.2}
\BOOKMARK [2][]{subsection.2.2}{2.2 scalability的缺陷}{section.2}
\BOOKMARK [2][]{subsection.2.3}{2.3 多线程地址空间的竞争}{section.2}
\BOOKMARK [2][]{subsection.2.4}{2.4 Phoenix的内部实现}{section.2}
\BOOKMARK [1][]{section.3}{3 总体设计}{}
\BOOKMARK [2][]{subsection.3.1}{3.1 新的编程模型}{section.3}
\BOOKMARK [3][]{subsubsection.3.1.1}{3.1.1 Phoenix较差scalability的分析}{subsection.3.1}
\BOOKMARK [3][]{subsubsection.3.1.2}{3.1.2 线程模型}{subsection.3.1}
\BOOKMARK [3][]{subsubsection.3.1.3}{3.1.3 通道的特征}{subsection.3.1}
\BOOKMARK [2][]{subsection.3.2}{3.2 SMR的dataflow}{section.3}
\BOOKMARK [2][]{subsection.3.3}{3.3 流水线并行}{section.3}
\BOOKMARK [3][]{subsubsection.3.3.1}{3.3.1 produce-consume模型}{subsection.3.3}
\BOOKMARK [3][]{subsubsection.3.3.2}{3.3.2 buffer的设计与实现}{subsection.3.3}
\BOOKMARK [1][]{section.4}{4 实验结果与分析}{}
\BOOKMARK [2][]{subsection.4.1}{4.1 Phoenix较差scalability的实验结果}{section.4}
\BOOKMARK [2][]{subsection.4.2}{4.2 piepeline带来的性能优势}{section.4}
\BOOKMARK [2][]{subsection.4.3}{4.3 DMR环境初始化的开销分析}{section.4}
\BOOKMARK [2][]{subsection.4.4}{4.4 benchmarks}{section.4}
\BOOKMARK [3][]{subsubsection.4.4.1}{4.4.1 SMR中使用benchmarks}{subsection.4.4}
\BOOKMARK [3][]{subsubsection.4.4.2}{4.4.2 已有工作中的benchmark调研}{subsection.4.4}
\BOOKMARK [2][]{subsection.4.5}{4.5 环境参数}{section.4}
\BOOKMARK [3][]{subsubsection.4.5.1}{4.5.1 编译选项}{subsection.4.5}
\BOOKMARK [3][]{subsubsection.4.5.2}{4.5.2 DMR需要的dlinux运行参数}{subsection.4.5}
\BOOKMARK [1][]{section.5}{5 附加}{}
\BOOKMARK [2][]{subsection.5.1}{5.1 twin-and-diff}{section.5}
\BOOKMARK [3][]{subsubsection.5.1.1}{5.1.1 详细设计方案}{subsection.5.1}
\BOOKMARK [3][]{subsubsection.5.1.2}{5.1.2 TODO}{subsection.5.1}
\BOOKMARK [3][]{subsubsection.5.1.3}{5.1.3 bug记录}{subsection.5.1}
\BOOKMARK [2][]{subsection.5.2}{5.2 插桩收集DMR时间信息说明}{section.5}
\BOOKMARK [3][]{subsubsection.5.2.1}{5.2.1 重要的全局变量和数据结构}{subsection.5.2}
\BOOKMARK [3][]{subsubsection.5.2.2}{5.2.2 内存时间的收集}{subsection.5.2}
\BOOKMARK [3][]{subsubsection.5.2.3}{5.2.3 时间的收集}{subsection.5.2}
